[debug] [2020-12-18T14:58:03.897Z] ----------------------------------------------------------------------
[debug] [2020-12-18T14:58:03.898Z] Command:       C:\Program Files\nodejs\node.exe C:\Users\kayky\AppData\Roaming\npm\node_modules\firebase-tools\lib\bin\firebase.js init
[debug] [2020-12-18T14:58:03.899Z] CLI Version:   9.0.1
[debug] [2020-12-18T14:58:03.899Z] Platform:      win32
[debug] [2020-12-18T14:58:03.899Z] Node Version:  v15.3.0
[debug] [2020-12-18T14:58:03.900Z] Time:          Fri Dec 18 2020 11:58:03 GMT-0300 (Horário Padrão de Brasília)
[debug] [2020-12-18T14:58:03.900Z] ----------------------------------------------------------------------
[debug] [2020-12-18T14:58:03.900Z] 
[debug] [2020-12-18T14:58:03.904Z] > command requires scopes: ["email","openid","https://www.googleapis.com/auth/cloudplatformprojects.readonly","https://www.googleapis.com/auth/firebase","https://www.googleapis.com/auth/cloud-platform"]
[debug] [2020-12-18T14:58:03.904Z] > authorizing via signed-in user
[info] 
     ######## #### ########  ######## ########     ###     ######  ########
     ##        ##  ##     ## ##       ##     ##  ##   ##  ##       ##
     ######    ##  ########  ######   ########  #########  ######  ######
     ##        ##  ##    ##  ##       ##     ## ##     ##       ## ##
     ##       #### ##     ## ######## ########  ##     ##  ######  ########

You're about to initialize a Firebase project in this directory:

  C:\Users\kayky\projetos\projeto\TradutorLibras

Before we get started, keep in mind:

  * You are initializing in an existing Firebase project directory

